#
# There is insufficient memory for the Java Runtime Environment to continue.
# Native memory allocation (malloc) failed to allocate 32744 bytes for ChunkPool::allocate
# Possible reasons:
#   The system is out of physical RAM or swap space
#   The process is running with CompressedOops enabled, and the Java Heap may be blocking the growth of the native heap
# Possible solutions:
#   Reduce memory load on the system
#   Increase physical memory or swap space
#   Check if swap backing store is full
#   Decrease Java heap size (-Xmx/-Xms)
#   Decrease number of Java threads
#   Decrease Java thread stack sizes (-Xss)
#   Set larger code cache with -XX:ReservedCodeCacheSize=
#   JVM is running with Unscaled Compressed Oops mode in which the Java heap is
#     placed in the first 4GB address space. The Java Heap base address is the
#     maximum limit for the native heap growth. Please use -XX:HeapBaseMinAddress
#     to set the Java Heap base and to place the Java Heap above 4GB virtual address.
# This output file may be truncated or incomplete.
#
#  Out of Memory Error (allocation.cpp:272), pid=4372, tid=0x0000000000002928
#
# JRE version: Java(TM) SE Runtime Environment (8.0_211-b12) (build 1.8.0_211-b12)
# Java VM: Java HotSpot(TM) 64-Bit Server VM (25.211-b12 mixed mode windows-amd64 compressed oops)
# Failed to write core dump. Minidumps are not enabled by default on client versions of Windows
#

---------------  T H R E A D  ---------------

Current thread (0x0000000017b60800):  JavaThread "restartedMain" [_thread_in_vm, id=10536, stack(0x0000000018700000,0x0000000018800000)]

Stack: [0x0000000018700000,0x0000000018800000]
[error occurred during error reporting (printing stack bounds), id 0xc0000005]

Native frames: (J=compiled Java code, j=interpreted, Vv=VM code, C=native code)

Java frames: (J=compiled Java code, j=interpreted, Vv=VM code)
j  java.lang.Class.getDeclaredMethods0(Z)[Ljava/lang/reflect/Method;+0
J 1279 C1 java.lang.Class.privateGetDeclaredMethods(Z)[Ljava/lang/reflect/Method; (67 bytes) @ 0x0000000003536244 [0x0000000003536140+0x104]
j  java.lang.Class.privateGetMethodRecursive(Ljava/lang/String;[Ljava/lang/Class;ZLjava/lang/Class$MethodArray;)Ljava/lang/reflect/Method;+2
j  java.lang.Class.getMethod0(Ljava/lang/String;[Ljava/lang/Class;Z)Ljava/lang/reflect/Method;+16
j  java.lang.Class.getMethod(Ljava/lang/String;[Ljava/lang/Class;)Ljava/lang/reflect/Method;+13
J 1129 C1 java.lang.Class.getEnumConstantsShared()[Ljava/lang/Object; (73 bytes) @ 0x0000000003507614 [0x00000000035074c0+0x154]
j  java.lang.Class.enumConstantDirectory()Ljava/util/Map;+8
j  java.lang.Enum.valueOf(Ljava/lang/Class;Ljava/lang/String;)Ljava/lang/Enum;+1
j  sun.reflect.annotation.AnnotationParser.parseEnumValue(Ljava/lang/Class;Ljava/nio/ByteBuffer;Lsun/reflect/ConstantPool;Ljava/lang/Class;)Ljava/lang/Object;+135
j  sun.reflect.annotation.AnnotationParser.parseMemberValue(Ljava/lang/Class;Ljava/nio/ByteBuffer;Lsun/reflect/ConstantPool;Ljava/lang/Class;)Ljava/lang/Object;+56
j  java.lang.reflect.Method.getDefaultValue()Ljava/lang/Object;+41
j  org.springframework.core.annotation.AnnotationUtils.registerDefaultValues(Lorg/springframework/core/annotation/AnnotationAttributes;)V+55
j  org.springframework.core.type.classreading.RecursiveAnnotationAttributesVisitor.visitEnd()V+4
j  org.springframework.core.type.classreading.AnnotationAttributesReadingVisitor.visitEnd()V+1
j  org.springframework.asm.ClassReader.readElementValues(Lorg/springframework/asm/AnnotationVisitor;IZ[C)I+82
j  org.springframework.asm.ClassReader.accept(Lorg/springframework/asm/ClassVisitor;[Lorg/springframework/asm/Attribute;I)V+798
j  org.springframework.asm.ClassReader.accept(Lorg/springframework/asm/ClassVisitor;I)V+7
j  org.springframework.core.type.classreading.SimpleMetadataReader.<init>(Lorg/springframework/core/io/Resource;Ljava/lang/ClassLoader;)V+90
j  org.springframework.core.type.classreading.SimpleMetadataReaderFactory.getMetadataReader(Lorg/springframework/core/io/Resource;)Lorg/springframework/core/type/classreading/MetadataReader;+14
j  org.springframework.core.type.classreading.CachingMetadataReaderFactory.getMetadataReader(Lorg/springframework/core/io/Resource;)Lorg/springframework/core/type/classreading/MetadataReader;+30
j  org.springframework.context.annotation.ClassPathScanningCandidateComponentProvider.scanCandidateComponents(Ljava/lang/String;)Ljava/util/Set;+154
j  org.springframework.context.annotation.ClassPathScanningCandidateComponentProvider.findCandidateComponents(Ljava/lang/String;)Ljava/util/Set;+26
j  org.springframework.context.annotation.ClassPathBeanDefinitionScanner.doScan([Ljava/lang/String;)Ljava/util/Set;+39
j  org.springframework.context.annotation.ComponentScanAnnotationParser.parse(Lorg/springframework/core/annotation/AnnotationAttributes;Ljava/lang/String;)Ljava/util/Set;+478
j  org.springframework.context.annotation.ConfigurationClassParser.doProcessConfigurationClass(Lorg/springframework/context/annotation/ConfigurationClass;Lorg/springframework/context/annotation/ConfigurationClassParser$SourceClass;)Lorg/springframework/context/annotation/ConfigurationClassParser$SourceClass;+206
j  org.springframework.context.annotation.ConfigurationClassParser.processConfigurationClass(Lorg/springframework/context/annotation/ConfigurationClass;)V+102
j  org.springframework.context.annotation.ConfigurationClassParser.parse(Lorg/springframework/core/type/AnnotationMetadata;Ljava/lang/String;)V+10
j  org.springframework.context.annotation.ConfigurationClassParser.parse(Ljava/util/Set;)V+55
j  org.springframework.context.annotation.ConfigurationClassPostProcessor.processConfigBeanDefinitions(Lorg/springframework/beans/factory/support/BeanDefinitionRegistry;)V+298
j  org.springframework.context.annotation.ConfigurationClassPostProcessor.postProcessBeanDefinitionRegistry(Lorg/springframework/beans/factory/support/BeanDefinitionRegistry;)V+107
j  org.springframework.context.support.PostProcessorRegistrationDelegate.invokeBeanDefinitionRegistryPostProcessors(Ljava/util/Collection;Lorg/springframework/beans/factory/support/BeanDefinitionRegistry;)V+28
j  org.springframework.context.support.PostProcessorRegistrationDelegate.invokeBeanFactoryPostProcessors(Lorg/springframework/beans/factory/config/ConfigurableListableBeanFactory;Ljava/util/List;)V+229
j  org.springframework.context.support.AbstractApplicationContext.invokeBeanFactoryPostProcessors(Lorg/springframework/beans/factory/config/ConfigurableListableBeanFactory;)V+5
j  org.springframework.context.support.AbstractApplicationContext.refresh()V+28
j  org.springframework.boot.web.servlet.context.ServletWebServerApplicationContext.refresh()V+1
j  org.springframework.boot.SpringApplication.refresh(Lorg/springframework/context/ApplicationContext;)V+10
j  org.springframework.boot.SpringApplication.refreshContext(Lorg/springframework/context/ConfigurableApplicationContext;)V+2
j  org.springframework.boot.SpringApplication.run([Ljava/lang/String;)Lorg/springframework/context/ConfigurableApplicationContext;+118
j  org.springframework.boot.SpringApplication.run([Ljava/lang/Class;[Ljava/lang/String;)Lorg/springframework/context/ConfigurableApplicationContext;+9
j  org.springframework.boot.SpringApplication.run(Ljava/lang/Class;[Ljava/lang/String;)Lorg/springframework/context/ConfigurableApplicationContext;+9
j  br.edu.ifsc.lab.ProjetoLaboratorioProgramacaoApplication.main([Ljava/lang/String;)V+3
v  ~StubRoutines::call_stub
j  sun.reflect.NativeMethodAccessorImpl.invoke0(Ljava/lang/reflect/Method;Ljava/lang/Object;[Ljava/lang/Object;)Ljava/lang/Object;+0
j  sun.reflect.NativeMethodAccessorImpl.invoke(Ljava/lang/Object;[Ljava/lang/Object;)Ljava/lang/Object;+100
j  sun.reflect.DelegatingMethodAccessorImpl.invoke(Ljava/lang/Object;[Ljava/lang/Object;)Ljava/lang/Object;+6
j  java.lang.reflect.Method.invoke(Ljava/lang/Object;[Ljava/lang/Object;)Ljava/lang/Object;+56
j  org.springframework.boot.devtools.restart.RestartLauncher.run()V+41
v  ~StubRoutines::call_stub

---------------  P R O C E S S  ---------------

Java Threads: ( => current thread )
  0x00000000179fb800 JavaThread "background-preinit" [_thread_in_vm, id=10480, stack(0x0000000018800000,0x0000000018900000)]
=>0x0000000017b60800 JavaThread "restartedMain" [_thread_in_vm, id=10536, stack(0x0000000018700000,0x0000000018800000)]
  0x000000001798a000 JavaThread "Thread-1" [_thread_blocked, id=10296, stack(0x0000000018600000,0x0000000018700000)]
  0x000000001774c000 JavaThread "RMI TCP Accept-0" daemon [_thread_in_native, id=9028, stack(0x0000000017fa0000,0x00000000180a0000)]
  0x0000000017749000 JavaThread "RMI TCP Accept-49789" daemon [_thread_in_native, id=3032, stack(0x0000000017ea0000,0x0000000017fa0000)]
  0x000000001773a800 JavaThread "RMI TCP Accept-0" daemon [_thread_in_native, id=9624, stack(0x0000000017da0000,0x0000000017ea0000)]
  0x0000000016d90800 JavaThread "Service Thread" daemon [_thread_blocked, id=3548, stack(0x0000000017160000,0x0000000017260000)]
  0x0000000015400800 JavaThread "C1 CompilerThread2" daemon [_thread_in_native, id=3560, stack(0x0000000016c60000,0x0000000016d60000)]
  0x00000000153f5800 JavaThread "C2 CompilerThread1" daemon [_thread_blocked, id=8236, stack(0x0000000016b60000,0x0000000016c60000)]
  0x00000000153f0800 JavaThread "C2 CompilerThread0" daemon [_thread_blocked, id=10564, stack(0x0000000016a60000,0x0000000016b60000)]
  0x00000000153ef000 JavaThread "Attach Listener" daemon [_thread_blocked, id=7564, stack(0x0000000016960000,0x0000000016a60000)]
  0x00000000153ed800 JavaThread "Signal Dispatcher" daemon [_thread_blocked, id=3676, stack(0x0000000016860000,0x0000000016960000)]
  0x00000000153da000 JavaThread "Finalizer" daemon [_thread_blocked, id=10992, stack(0x0000000016650000,0x0000000016750000)]
  0x00000000153b8800 JavaThread "Reference Handler" daemon [_thread_blocked, id=7500, stack(0x0000000016550000,0x0000000016650000)]
  0x00000000030c4800 JavaThread "main" [_thread_blocked, id=9268, stack(0x0000000002f70000,0x0000000003070000)]

Other Threads:
  0x00000000153b7000 VMThread [stack: 0x0000000016450000,0x0000000016550000] [id=3172]
  0x000000001774d800 WatcherThread [stack: 0x00000000180a0000,0x00000000181a0000] [id=7896]

VM state:not at safepoint (normal execution)

VM Mutex/Monitor currently owned by a thread: None

heap address: 0x00000000c8e00000, size: 882 MB, Compressed Oops mode: 32-bit
Narrow klass base: 0x0000000000000000, Narrow klass shift: 3
Compressed class space size: 1073741824 Address: 0x0000000100000000

Heap:
 PSYoungGen      total 31744K, used 16172K [0x00000000eda00000, 0x00000000efb00000, 0x0000000100000000)
  eden space 29696K, 47% used [0x00000000eda00000,0x00000000ee7ce530,0x00000000ef700000)
  from space 2048K, 99% used [0x00000000ef900000,0x00000000efafcae0,0x00000000efb00000)
  to   space 2048K, 0% used [0x00000000ef700000,0x00000000ef700000,0x00000000ef900000)
 ParOldGen       total 38400K, used 10303K [0x00000000c8e00000, 0x00000000cb380000, 0x00000000eda00000)
  object space 38400K, 26% used [0x00000000c8e00000,0x00000000c980ff80,0x00000000cb380000)
 Metaspace       used 19483K, capacity 20018K, committed 20224K, reserved 1067008K
  class space    used 2645K, capacity 2800K, committed 2816K, reserved 1048576K

Card table byte_map: [0x0000000012610000,0x00000000127d0000] byte_map_base: 0x0000000011fc9000

Marking Bits: (ParMarkBitMap*) 0x0000000055365ce0
 Begin Bits: [0x0000000012d00000, 0x0000000013ac8000)
 End Bits:   [0x0000000013ac8000, 0x0000000014890000)

Polling page: 0x0000000001230000

CodeCache: size=245760Kb used=3291Kb max_used=3291Kb free=242468Kb
 bounds [0x0000000003250000, 0x0000000003590000, 0x0000000012250000]
 total_blobs=1855 nmethods=1462 adapters=306
 compilation: enabled

Compilation events (10 events):
Event: 5.716 Thread 0x0000000015400800 nmethod 1458 0x0000000003582a90 code [0x0000000003582be0, 0x0000000003582cf0]
Event: 5.716 Thread 0x0000000015400800 1459       1       java.nio.Buffer::capacity (5 bytes)
Event: 5.717 Thread 0x0000000015400800 nmethod 1459 0x0000000003582d50 code [0x0000000003582ea0, 0x0000000003582fb0]
Event: 5.718 Thread 0x0000000015400800 1460       1       org.springframework.beans.factory.support.AbstractBeanFactory::isTypeMatch (547 bytes)
Event: 5.728 Thread 0x0000000015400800 nmethod 1460 0x0000000003583250 code [0x0000000003583680, 0x0000000003584c78]
Event: 5.728 Thread 0x0000000015400800 1462   !   1       org.springframework.beans.factory.support.DefaultSingletonBeanRegistry::getSingleton (117 bytes)
Event: 5.730 Thread 0x0000000015400800 nmethod 1462 0x0000000003586150 code [0x0000000003586320, 0x00000000035867e8]
Event: 5.730 Thread 0x0000000015400800 1461       1       org.springframework.core.ResolvableType$1::isAssignableFrom (24 bytes)
Event: 5.730 Thread 0x0000000015400800 nmethod 1461 0x0000000003586ad0 code [0x0000000003586c20, 0x0000000003586d88]
Event: 5.732 Thread 0x0000000015400800 1463       1       org.springframework.asm.ClassReader::readCode (5085 bytes)

GC Heap History (10 events):
Event: 2.975 GC heap before
{Heap before GC invocations=2 (full 0):
 PSYoungGen      total 16896K, used 16871K [0x00000000eda00000, 0x00000000eec80000, 0x0000000100000000)
  eden space 14848K, 99% used [0x00000000eda00000,0x00000000ee87dbf0,0x00000000ee880000)
  from space 2048K, 99% used [0x00000000ee880000,0x00000000eea7c010,0x00000000eea80000)
  to   space 2048K, 0% used [0x00000000eea80000,0x00000000eea80000,0x00000000eec80000)
 ParOldGen       total 38400K, used 1151K [0x00000000c8e00000, 0x00000000cb380000, 0x00000000eda00000)
  object space 38400K, 2% used [0x00000000c8e00000,0x00000000c8f1ff70,0x00000000cb380000)
 Metaspace       used 9511K, capacity 9728K, committed 9984K, reserved 1058816K
  class space    used 1178K, capacity 1264K, committed 1280K, reserved 1048576K
Event: 2.987 GC heap after
Heap after GC invocations=2 (full 0):
 PSYoungGen      total 16896K, used 2022K [0x00000000eda00000, 0x00000000efb00000, 0x0000000100000000)
  eden space 14848K, 0% used [0x00000000eda00000,0x00000000eda00000,0x00000000ee880000)
  from space 2048K, 98% used [0x00000000eea80000,0x00000000eec79a98,0x00000000eec80000)
  to   space 2048K, 0% used [0x00000000ee880000,0x00000000ee880000,0x00000000eea80000)
 ParOldGen       total 38400K, used 2046K [0x00000000c8e00000, 0x00000000cb380000, 0x00000000eda00000)
  object space 38400K, 5% used [0x00000000c8e00000,0x00000000c8fffb30,0x00000000cb380000)
 Metaspace       used 9511K, capacity 9728K, committed 9984K, reserved 1058816K
  class space    used 1178K, capacity 1264K, committed 1280K, reserved 1048576K
}
Event: 3.006 GC heap before
{Heap before GC invocations=3 (full 0):
 PSYoungGen      total 16896K, used 16853K [0x00000000eda00000, 0x00000000efb00000, 0x0000000100000000)
  eden space 14848K, 99% used [0x00000000eda00000,0x00000000ee87ba20,0x00000000ee880000)
  from space 2048K, 98% used [0x00000000eea80000,0x00000000eec79a98,0x00000000eec80000)
  to   space 2048K, 0% used [0x00000000ee880000,0x00000000ee880000,0x00000000eea80000)
 ParOldGen       total 38400K, used 2046K [0x00000000c8e00000, 0x00000000cb380000, 0x00000000eda00000)
  object space 38400K, 5% used [0x00000000c8e00000,0x00000000c8fffb30,0x00000000cb380000)
 Metaspace       used 9511K, capacity 9728K, committed 9984K, reserved 1058816K
  class space    used 1178K, capacity 1264K, committed 1280K, reserved 1048576K
Event: 3.015 GC heap after
Heap after GC invocations=3 (full 0):
 PSYoungGen      total 16896K, used 2045K [0x00000000eda00000, 0x00000000efb00000, 0x0000000100000000)
  eden space 14848K, 0% used [0x00000000eda00000,0x00000000eda00000,0x00000000ee880000)
  from space 2048K, 99% used [0x00000000ee880000,0x00000000eea7f570,0x00000000eea80000)
  to   space 2048K, 0% used [0x00000000ef900000,0x00000000ef900000,0x00000000efb00000)
 ParOldGen       total 38400K, used 2054K [0x00000000c8e00000, 0x00000000cb380000, 0x00000000eda00000)
  object space 38400K, 5% used [0x00000000c8e00000,0x00000000c9001b30,0x00000000cb380000)
 Metaspace       used 9511K, capacity 9728K, committed 9984K, reserved 1058816K
  class space    used 1178K, capacity 1264K, committed 1280K, reserved 1048576K
}
Event: 3.332 GC heap before
{Heap before GC invocations=4 (full 0):
 PSYoungGen      total 16896K, used 16893K [0x00000000eda00000, 0x00000000efb00000, 0x0000000100000000)
  eden space 14848K, 100% used [0x00000000eda00000,0x00000000ee880000,0x00000000ee880000)
  from space 2048K, 99% used [0x00000000ee880000,0x00000000eea7f570,0x00000000eea80000)
  to   space 2048K, 0% used [0x00000000ef900000,0x00000000ef900000,0x00000000efb00000)
 ParOldGen       total 38400K, used 2054K [0x00000000c8e00000, 0x00000000cb380000, 0x00000000eda00000)
  object space 38400K, 5% used [0x00000000c8e00000,0x00000000c9001b30,0x00000000cb380000)
 Metaspace       used 10344K, capacity 10634K, committed 11008K, reserved 1058816K
  class space    used 1315K, capacity 1412K, committed 1536K, reserved 1048576K
Event: 3.342 GC heap after
Heap after GC invocations=4 (full 0):
 PSYoungGen      total 31744K, used 2033K [0x00000000eda00000, 0x00000000efb00000, 0x0000000100000000)
  eden space 29696K, 0% used [0x00000000eda00000,0x00000000eda00000,0x00000000ef700000)
  from space 2048K, 99% used [0x00000000ef900000,0x00000000efafc558,0x00000000efb00000)
  to   space 2048K, 0% used [0x00000000ef700000,0x00000000ef700000,0x00000000ef900000)
 ParOldGen       total 38400K, used 2991K [0x00000000c8e00000, 0x00000000cb380000, 0x00000000eda00000)
  object space 38400K, 7% used [0x00000000c8e00000,0x00000000c90ebde8,0x00000000cb380000)
 Metaspace       used 10344K, capacity 10634K, committed 11008K, reserved 1058816K
  class space    used 1315K, capacity 1412K, committed 1536K, reserved 1048576K
}
Event: 4.434 GC heap before
{Heap before GC invocations=5 (full 0):
 PSYoungGen      total 31744K, used 31729K [0x00000000eda00000, 0x00000000efb00000, 0x0000000100000000)
  eden space 29696K, 100% used [0x00000000eda00000,0x00000000ef700000,0x00000000ef700000)
  from space 2048K, 99% used [0x00000000ef900000,0x00000000efafc558,0x00000000efb00000)
  to   space 2048K, 0% used [0x00000000ef700000,0x00000000ef700000,0x00000000ef900000)
 ParOldGen       total 38400K, used 2991K [0x00000000c8e00000, 0x00000000cb380000, 0x00000000eda00000)
  object space 38400K, 7% used [0x00000000c8e00000,0x00000000c90ebde8,0x00000000cb380000)
 Metaspace       used 14080K, capacity 14500K, committed 14592K, reserved 1062912K
  class space    used 1913K, capacity 2047K, committed 2048K, reserved 1048576K
Event: 4.457 GC heap after
Heap after GC invocations=5 (full 0):
 PSYoungGen      total 31744K, used 2033K [0x00000000eda00000, 0x00000000efb00000, 0x0000000100000000)
  eden space 29696K, 0% used [0x00000000eda00000,0x00000000eda00000,0x00000000ef700000)
  from space 2048K, 99% used [0x00000000ef700000,0x00000000ef8fc558,0x00000000ef900000)
  to   space 2048K, 0% used [0x00000000ef900000,0x00000000ef900000,0x00000000efb00000)
 ParOldGen       total 38400K, used 6401K [0x00000000c8e00000, 0x00000000cb380000, 0x00000000eda00000)
  object space 38400K, 16% used [0x00000000c8e00000,0x00000000c9440518,0x00000000cb380000)
 Metaspace       used 14080K, capacity 14500K, committed 14592K, reserved 1062912K
  class space    used 1913K, capacity 2047K, committed 2048K, reserved 1048576K
}
Event: 5.361 GC heap before
{Heap before GC invocations=6 (full 0):
 PSYoungGen      total 31744K, used 31729K [0x00000000eda00000, 0x00000000efb00000, 0x0000000100000000)
  eden space 29696K, 100% used [0x00000000eda00000,0x00000000ef700000,0x00000000ef700000)
  from space 2048K, 99% used [0x00000000ef700000,0x00000000ef8fc558,0x00000000ef900000)
  to   space 2048K, 0% used [0x00000000ef900000,0x00000000ef900000,0x00000000efb00000)
 ParOldGen       total 38400K, used 6401K [0x00000000c8e00000, 0x00000000cb380000, 0x00000000eda00000)
  object space 38400K, 16% used [0x00000000c8e00000,0x00000000c9440518,0x00000000cb380000)
 Metaspace       used 17647K, capacity 18194K, committed 18560K, reserved 1064960K
  class space    used 2409K, capacity 2572K, committed 2688K, reserved 1048576K
Event: 5.378 GC heap after
Heap after GC invocations=6 (full 0):
 PSYoungGen      total 31744K, used 2034K [0x00000000eda00000, 0x00000000efb00000, 0x0000000100000000)
  eden space 29696K, 0% used [0x00000000eda00000,0x00000000eda00000,0x00000000ef700000)
  from space 2048K, 99% used [0x00000000ef900000,0x00000000efafcae0,0x00000000efb00000)
  to   space 2048K, 0% used [0x00000000ef700000,0x00000000ef700000,0x00000000ef900000)
 ParOldGen       total 38400K, used 10303K [0x00000000c8e00000, 0x00000000cb380000, 0x00000000eda00000)
  object space 38400K, 26% used [0x00000000c8e00000,0x00000000c980ff80,0x00000000cb380000)
 Metaspace       used 17647K, capacity 18194K, committed 18560K, reserved 1064960K
  class space    used 2409K, capacity 2572K, committed 2688K, reserved 1048576K
}

Deoptimization events (0 events):
No events

Classes redefined (0 events):
No events

Internal exceptions (10 events):
Event: 5.407 Thread 0x0000000017b60800 Exception <a 'java/lang/ClassNotFoundException': org/springframework/core/PriorityOrderedCustomizer> (0x00000000edb10b30) thrown at [C:\re\workspace\8-2-build-windows-amd64-cygwin\jdk8u211\12973\hotspot\src\share\vm\classfile\systemDictionary.cpp, line 21
Event: 5.409 Thread 0x0000000017b60800 Exception <a 'java/lang/ClassNotFoundException': org/springframework/core/OrderedCustomizer> (0x00000000edb1ff18) thrown at [C:\re\workspace\8-2-build-windows-amd64-cygwin\jdk8u211\12973\hotspot\src\share\vm\classfile\systemDictionary.cpp, line 210]
Event: 5.412 Thread 0x0000000017b60800 Exception <a 'java/lang/ClassNotFoundException': org/springframework/context/ResourceLoaderAwareCustomizer> (0x00000000edb333b8) thrown at [C:\re\workspace\8-2-build-windows-amd64-cygwin\jdk8u211\12973\hotspot\src\share\vm\classfile\systemDictionary.cpp, 
Event: 5.414 Thread 0x0000000017b60800 Exception <a 'java/lang/ClassNotFoundException': org/springframework/beans/factory/AwareCustomizer> (0x00000000edb45268) thrown at [C:\re\workspace\8-2-build-windows-amd64-cygwin\jdk8u211\12973\hotspot\src\share\vm\classfile\systemDictionary.cpp, line 210
Event: 5.416 Thread 0x0000000017b60800 Exception <a 'java/lang/ClassNotFoundException': org/springframework/beans/factory/BeanClassLoaderAwareCustomizer> (0x00000000edb999e8) thrown at [C:\re\workspace\8-2-build-windows-amd64-cygwin\jdk8u211\12973\hotspot\src\share\vm\classfile\systemDictionar
Event: 5.419 Thread 0x0000000017b60800 Exception <a 'java/lang/ClassNotFoundException': org/springframework/beans/factory/AwareCustomizer> (0x00000000edbab8b0) thrown at [C:\re\workspace\8-2-build-windows-amd64-cygwin\jdk8u211\12973\hotspot\src\share\vm\classfile\systemDictionary.cpp, line 210
Event: 5.421 Thread 0x0000000017b60800 Exception <a 'java/lang/ClassNotFoundException': org/springframework/context/EnvironmentAwareCustomizer> (0x00000000edbbd6d8) thrown at [C:\re\workspace\8-2-build-windows-amd64-cygwin\jdk8u211\12973\hotspot\src\share\vm\classfile\systemDictionary.cpp, lin
Event: 5.425 Thread 0x0000000017b60800 Exception <a 'java/lang/ClassNotFoundException': org/springframework/beans/factory/AwareCustomizer> (0x00000000edc0fad8) thrown at [C:\re\workspace\8-2-build-windows-amd64-cygwin\jdk8u211\12973\hotspot\src\share\vm\classfile\systemDictionary.cpp, line 210
Event: 5.527 Thread 0x0000000017b60800 Exception <a 'java/lang/NoSuchMethodError': java.lang.Object.lambda$comparing$77a9974f$1(Ljava/util/function/Function;Ljava/lang/Object;Ljava/lang/Object;)I> (0x00000000edfc02d8) thrown at [C:\re\workspace\8-2-build-windows-amd64-cygwin\jdk8u211\12973\hot
Event: 5.672 Thread 0x00000000179fb800 Exception <a 'java/lang/IncompatibleClassChangeError': Found class java.lang.Object, but interface was expected> (0x00000000ee47a008) thrown at [C:\re\workspace\8-2-build-windows-amd64-cygwin\jdk8u211\12973\hotspot\src\share\vm\interpreter\linkResolver.cp

Events (10 events):
Event: 5.780 loading class org/springframework/transaction/annotation/Isolation
Event: 5.780 loading class org/springframework/transaction/annotation/Isolation done
Event: 5.782 loading class org/springframework/transaction/annotation/Propagation
Event: 5.782 loading class org/apache/tomcat/util/digester/LocalStrings_pt
Event: 5.782 loading class org/springframework/transaction/annotation/Propagation done
Event: 5.782 loading class org/apache/tomcat/util/digester/LocalStrings_pt done
Event: 5.784 loading class org/apache/tomcat/util/digester/LocalStrings_pt_BR
Event: 5.784 loading class org/apache/tomcat/util/digester/LocalStrings_pt_BR done
Event: 5.785 loading class org/apache/tomcat/util/IntrospectionUtils$PropertySource
Event: 5.785 loading class org/apache/tomcat/util/IntrospectionUtils$PropertySource done


Dynamic libraries:
0x00007ff68ccf0000 - 0x00007ff68cd27000 	C:\Program Files\Java\jre1.8.0_211\bin\javaw.exe
0x00007ffea5d80000 - 0x00007ffea5f70000 	C:\WINDOWS\SYSTEM32\ntdll.dll
0x00007ffea5590000 - 0x00007ffea5642000 	C:\WINDOWS\System32\KERNEL32.DLL
0x00007ffea3990000 - 0x00007ffea3c32000 	C:\WINDOWS\System32\KERNELBASE.dll
0x00007ffea5120000 - 0x00007ffea51c3000 	C:\WINDOWS\System32\ADVAPI32.dll
0x00007ffea4ee0000 - 0x00007ffea4f7e000 	C:\WINDOWS\System32\msvcrt.dll
0x00007ffea4180000 - 0x00007ffea4217000 	C:\WINDOWS\System32\sechost.dll
0x00007ffea5700000 - 0x00007ffea5820000 	C:\WINDOWS\System32\RPCRT4.dll
0x00007ffea4f80000 - 0x00007ffea5113000 	C:\WINDOWS\System32\USER32.dll
0x00007ffea3960000 - 0x00007ffea3981000 	C:\WINDOWS\System32\win32u.dll
0x00007ffea3eb0000 - 0x00007ffea3ed6000 	C:\WINDOWS\System32\GDI32.dll
0x00007ffea3c40000 - 0x00007ffea3dd4000 	C:\WINDOWS\System32\gdi32full.dll
0x00007ffea2ff0000 - 0x00007ffea308e000 	C:\WINDOWS\System32\msvcp_win.dll
0x00007ffea2e60000 - 0x00007ffea2f5a000 	C:\WINDOWS\System32\ucrtbase.dll
0x00007ffe952f0000 - 0x00007ffe95575000 	C:\WINDOWS\WinSxS\amd64_microsoft.windows.common-controls_6595b64144ccf1df_6.0.18362.116_none_e6c4ac41130f2c3a\COMCTL32.dll
0x00007ffea5830000 - 0x00007ffea5b66000 	C:\WINDOWS\System32\combase.dll
0x00007ffea2f60000 - 0x00007ffea2fe1000 	C:\WINDOWS\System32\bcryptPrimitives.dll
0x00007ffea54e0000 - 0x00007ffea550e000 	C:\WINDOWS\System32\IMM32.DLL
0x0000000056600000 - 0x00000000566d2000 	C:\Program Files\Java\jre1.8.0_211\bin\msvcr100.dll
0x0000000054b40000 - 0x00000000553e5000 	C:\Program Files\Java\jre1.8.0_211\bin\server\jvm.dll
0x00007ffea3ee0000 - 0x00007ffea3ee8000 	C:\WINDOWS\System32\PSAPI.DLL
0x00007ffea0180000 - 0x00007ffea01a4000 	C:\WINDOWS\SYSTEM32\WINMM.dll
0x00007ffe92ab0000 - 0x00007ffe92ab9000 	C:\WINDOWS\SYSTEM32\WSOCK32.dll
0x00007ffea4100000 - 0x00007ffea416f000 	C:\WINDOWS\System32\WS2_32.dll
0x00007ffe9fef0000 - 0x00007ffe9ff1d000 	C:\WINDOWS\SYSTEM32\WINMMBASE.dll
0x00007ffea3090000 - 0x00007ffea30da000 	C:\WINDOWS\System32\cfgmgr32.dll
0x00007ffe9c760000 - 0x00007ffe9c76a000 	C:\WINDOWS\SYSTEM32\VERSION.dll
0x00007ffe90d80000 - 0x00007ffe90d8f000 	C:\Program Files\Java\jre1.8.0_211\bin\verify.dll
0x00007ffe90b90000 - 0x00007ffe90bb9000 	C:\Program Files\Java\jre1.8.0_211\bin\java.dll
0x00007ffe90b70000 - 0x00007ffe90b86000 	C:\Program Files\Java\jre1.8.0_211\bin\zip.dll
0x00007ffea4390000 - 0x00007ffea4a70000 	C:\WINDOWS\System32\SHELL32.dll
0x00007ffea42e0000 - 0x00007ffea4389000 	C:\WINDOWS\System32\shcore.dll
0x00007ffea3100000 - 0x00007ffea387a000 	C:\WINDOWS\System32\windows.storage.dll
0x00007ffea2cd0000 - 0x00007ffea2cef000 	C:\WINDOWS\System32\profapi.dll
0x00007ffea2c80000 - 0x00007ffea2cca000 	C:\WINDOWS\System32\powrprof.dll
0x00007ffea2c50000 - 0x00007ffea2c60000 	C:\WINDOWS\System32\UMPDC.dll
0x00007ffea5480000 - 0x00007ffea54d2000 	C:\WINDOWS\System32\shlwapi.dll
0x00007ffea2c60000 - 0x00007ffea2c71000 	C:\WINDOWS\System32\kernel.appcore.dll
0x00007ffea30e0000 - 0x00007ffea30f7000 	C:\WINDOWS\System32\cryptsp.dll
0x00007ffe9d260000 - 0x00007ffe9d26d000 	C:\Program Files\Java\jre1.8.0_211\bin\management.dll
0x00007ffe89b40000 - 0x00007ffe89b5a000 	C:\Program Files\Java\jre1.8.0_211\bin\net.dll
0x00007ffe99190000 - 0x00007ffe99364000 	C:\WINDOWS\SYSTEM32\urlmon.dll
0x00007ffe98ee0000 - 0x00007ffe99186000 	C:\WINDOWS\SYSTEM32\iertutil.dll
0x00007ffea2690000 - 0x00007ffea269c000 	C:\WINDOWS\SYSTEM32\CRYPTBASE.DLL
0x00007ffea24c0000 - 0x00007ffea2527000 	C:\WINDOWS\system32\mswsock.dll
0x00007ffe89b20000 - 0x00007ffe89b32000 	C:\Program Files\Java\jre1.8.0_211\bin\nio.dll
0x00007ffe91c90000 - 0x00007ffe91ca6000 	C:\WINDOWS\system32\napinsp.dll
0x00007ffe91910000 - 0x00007ffe9192a000 	C:\WINDOWS\system32\pnrpnsp.dll
0x00007ffea2260000 - 0x00007ffea232a000 	C:\WINDOWS\SYSTEM32\DNSAPI.dll
0x00007ffea4170000 - 0x00007ffea4178000 	C:\WINDOWS\System32\NSI.dll
0x00007ffea2220000 - 0x00007ffea225a000 	C:\WINDOWS\SYSTEM32\IPHLPAPI.DLL
0x00007ffe9d6e0000 - 0x00007ffe9d6ee000 	C:\WINDOWS\System32\winrnr.dll
0x00007ffe9f4e0000 - 0x00007ffe9f4fc000 	C:\WINDOWS\system32\NLAapi.dll
0x00007ffe89360000 - 0x00007ffe89375000 	C:\WINDOWS\system32\wshbth.dll
0x00007ffe983a0000 - 0x00007ffe983aa000 	C:\Windows\System32\rasadhlp.dll
0x00007ffe99eb0000 - 0x00007ffe99f27000 	C:\WINDOWS\System32\fwpuclnt.dll
0x00007ffea3880000 - 0x00007ffea38a6000 	C:\WINDOWS\System32\bcrypt.dll
0x00007ffea2080000 - 0x00007ffea20b3000 	C:\WINDOWS\system32\rsaenh.dll
0x00007ffea2b70000 - 0x00007ffea2b95000 	C:\WINDOWS\SYSTEM32\USERENV.dll
0x00007ffe99f90000 - 0x00007ffe99fa6000 	C:\WINDOWS\SYSTEM32\dhcpcsvc6.DLL
0x00007ffe9a5c0000 - 0x00007ffe9a5dc000 	C:\WINDOWS\SYSTEM32\dhcpcsvc.DLL

VM Arguments:
jvm_args: -Dcom.sun.management.jmxremote -Dcom.sun.management.jmxremote.port=49789 -Dcom.sun.management.jmxremote.authenticate=false -Dcom.sun.management.jmxremote.ssl=false -Djava.rmi.server.hostname=localhost -Dspring.jmx.enabled=true -Dspring.application.admin.enabled=true -Xverify:none -XX:TieredStopAtLevel=1 -Dfile.encoding=UTF-8 
java_command: br.edu.ifsc.lab.ProjetoLaboratorioProgramacaoApplication --spring.output.ansi.enabled=always
java_class_path (initial): C:\Users\Tiago\Documents\Workspace\LaboratorioDeProgramacao\backend-app\target\classes;C:\Users\Tiago\.m2\repository\org\springframework\boot\spring-boot-starter-web\2.1.4.RELEASE\spring-boot-starter-web-2.1.4.RELEASE.jar;C:\Users\Tiago\.m2\repository\org\springframework\boot\spring-boot-starter\2.1.4.RELEASE\spring-boot-starter-2.1.4.RELEASE.jar;C:\Users\Tiago\.m2\repository\org\springframework\boot\spring-boot-starter-logging\2.1.4.RELEASE\spring-boot-starter-logging-2.1.4.RELEASE.jar;C:\Users\Tiago\.m2\repository\ch\qos\logback\logback-classic\1.2.3\logback-classic-1.2.3.jar;C:\Users\Tiago\.m2\repository\ch\qos\logback\logback-core\1.2.3\logback-core-1.2.3.jar;C:\Users\Tiago\.m2\repository\org\apache\logging\log4j\log4j-to-slf4j\2.11.2\log4j-to-slf4j-2.11.2.jar;C:\Users\Tiago\.m2\repository\org\apache\logging\log4j\log4j-api\2.11.2\log4j-api-2.11.2.jar;C:\Users\Tiago\.m2\repository\org\slf4j\jul-to-slf4j\1.7.26\jul-to-slf4j-1.7.26.jar;C:\Users\Tiago\.m2\repository\javax\annotation\javax.annotation-api\1.3.2\javax.annotation-api-1.3.2.jar;C:\Users\Tiago\.m2\repository\org\yaml\snakeyaml\1.23\snakeyaml-1.23.jar;C:\Users\Tiago\.m2\repository\org\springframework\boot\spring-boot-starter-json\2.1.4.RELEASE\spring-boot-starter-json-2.1.4.RELEASE.jar;C:\Users\Tiago\.m2\repository\com\fasterxml\jackson\core\jackson-databind\2.9.8\jackson-databind-2.9.8.jar;C:\Users\Tiago\.m2\repository\com\fasterxml\jackson\core\jackson-annotations\2.9.0\jackson-annotations-2.9.0.jar;C:\Users\Tiago\.m2\repository\com\fasterxml\jackson\core\jackson-core\2.9.8\jackson-core-2.9.8.jar;C:\Users\Tiago\.m2\repository\com\fasterxml\jackson\datatype\jackson-datatype-jdk8\2.9.8\jackson-datatype-jdk8-2.9.8.jar;C:\Users\Tiago\.m2\repository\com\fasterxml\jackson\datatype\jackson-datatype-jsr310\2.9.8\jackson-datatype-jsr310-2.9.8.jar;C:\Users\Tiago\.m2\repository\com\fasterxml\jackson\module\jackson-module-parameter-names\2.9.8\jackson-module-parameter-names-2.9.8.jar;C:
Launcher Type: SUN_STANDARD

Environment Variables:
PATH=C:/Program Files/Java/jre1.8.0_211/bin/server;C:/Program Files/Java/jre1.8.0_211/bin;C:/Program Files/Java/jre1.8.0_211/lib/amd64;C:\Program Files (x86)\Common Files\Oracle\Java\javapath;C:\WINDOWS\system32;C:\WINDOWS;C:\WINDOWS\System32\Wbem;C:\WINDOWS\System32\WindowsPowerShell\v1.0\;C:\WINDOWS\System32\OpenSSH\;C:\Program Files\nodejs\;C:\Users\Tiago\AppData\Local\Microsoft\WindowsApps;;C:\Users\Tiago\AppData\Local\Programs\Microsoft VS Code\bin;C:\Users\Tiago\AppData\Roaming\npm;C:\STS;
USERNAME=Tiago
OS=Windows_NT
PROCESSOR_IDENTIFIER=AMD64 Family 22 Model 0 Stepping 1, AuthenticAMD



---------------  S Y S T E M  ---------------

OS: Windows 10.0 , 64 bit Build 18362 (10.0.18362.86)

CPU:total 4 (initial active 4) (4 cores per cpu, 1 threads per core) family 22 model 0 stepping 1, cmov, cx8, fxsr, mmx, sse, sse2, sse3, ssse3, sse4.1, sse4.2, popcnt, avx, aes, clmul, mmxext, 3dnowpref, lzcnt, sse4a, tsc, tscinvbit, tscinv, bmi1

Memory: 4k page, physical 3611568k(319072k free), swap 14621616k(3856k free)

vm_info: Java HotSpot(TM) 64-Bit Server VM (25.211-b12) for windows-amd64 JRE (1.8.0_211-b12), built on Apr  1 2019 20:53:26 by "java_re" with MS VC++ 10.0 (VS2010)

time: Fri May 24 18:37:02 2019
timezone: Hora oficial do Brasil
elapsed time: 5 seconds (0d 0h 0m 5s)

